<?xml version="1.0" encoding="UTF-8"?>
<testng-results skipped="0" failed="1" total="1" passed="0">
  <reporter-output>
  </reporter-output>
  <suite name="Default suite" duration-ms="102923" started-at="2018-09-12T18:49:41Z" finished-at="2018-09-12T18:51:24Z">
    <groups>
    </groups>
    <test name="Default test" duration-ms="102923" started-at="2018-09-12T18:49:41Z" finished-at="2018-09-12T18:51:24Z">
      <class name="com.GitHub.Util.ValidateSearchFunctionality">
        <test-method status="PASS" signature="Initmethod()[pri:0, instance:com.GitHub.Util.ValidateSearchFunctionality@11161c7]" name="Initmethod" is-config="true" duration-ms="87252" started-at="2018-09-13T00:19:41Z" finished-at="2018-09-13T00:21:09Z">
          <reporter-output>
          </reporter-output>
        </test-method> <!-- Initmethod -->
        <test-method status="FAIL" signature="TestSearchFunctionalityOfGitHub()[pri:0, instance:com.GitHub.Util.ValidateSearchFunctionality@11161c7]" name="TestSearchFunctionalityOfGitHub" duration-ms="15208" started-at="2018-09-13T00:21:09Z" finished-at="2018-09-13T00:21:24Z">
          <exception class="java.lang.NumberFormatException">
            <message>
              <![CDATA[For input string: ""]]>
            </message>
            <full-stacktrace>
              <![CDATA[java.lang.NumberFormatException: For input string: ""
	at java.lang.NumberFormatException.forInputString(NumberFormatException.java:65)
	at java.lang.Integer.parseInt(Integer.java:592)
	at java.lang.Integer.parseInt(Integer.java:615)
	at TestCases.SearchTest.ValidateRepoCount(SearchTest.java:68)
	at com.GitHub.Util.ValidateSearchFunctionality.TestSearchFunctionalityOfGitHub(ValidateSearchFunctionality.java:20)
	at sun.reflect.NativeMethodAccessorImpl.invoke0(Native Method)
	at sun.reflect.NativeMethodAccessorImpl.invoke(NativeMethodAccessorImpl.java:62)
	at sun.reflect.DelegatingMethodAccessorImpl.invoke(DelegatingMethodAccessorImpl.java:43)
	at java.lang.reflect.Method.invoke(Method.java:498)
	at org.testng.internal.MethodInvocationHelper.invokeMethod(MethodInvocationHelper.java:80)
	at org.testng.internal.Invoker.invokeMethod(Invoker.java:714)
	at org.testng.internal.Invoker.invokeTestMethod(Invoker.java:901)
	at org.testng.internal.Invoker.invokeTestMethods(Invoker.java:1231)
	at org.testng.internal.TestMethodWorker.invokeTestMethods(TestMethodWorker.java:127)
	at org.testng.internal.TestMethodWorker.run(TestMethodWorker.java:111)
	at org.testng.TestRunner.privateRun(TestRunner.java:767)
	at org.testng.TestRunner.run(TestRunner.java:617)
	at org.testng.SuiteRunner.runTest(SuiteRunner.java:334)
	at org.testng.SuiteRunner.runSequentially(SuiteRunner.java:329)
	at org.testng.SuiteRunner.privateRun(SuiteRunner.java:291)
	at org.testng.SuiteRunner.run(SuiteRunner.java:240)
	at org.testng.SuiteRunnerWorker.runSuite(SuiteRunnerWorker.java:52)
	at org.testng.SuiteRunnerWorker.run(SuiteRunnerWorker.java:86)
	at org.testng.TestNG.runSuitesSequentially(TestNG.java:1198)
	at org.testng.TestNG.runSuitesLocally(TestNG.java:1123)
	at org.testng.TestNG.run(TestNG.java:1031)
	at org.testng.remote.AbstractRemoteTestNG.run(AbstractRemoteTestNG.java:114)
	at org.testng.remote.RemoteTestNG.initAndRun(RemoteTestNG.java:251)
	at org.testng.remote.RemoteTestNG.main(RemoteTestNG.java:77)
]]>
            </full-stacktrace>
          </exception> <!-- java.lang.NumberFormatException -->
          <reporter-output>
          </reporter-output>
        </test-method> <!-- TestSearchFunctionalityOfGitHub -->
      </class> <!-- com.GitHub.Util.ValidateSearchFunctionality -->
    </test> <!-- Default test -->
  </suite> <!-- Default suite -->
</testng-results>
